<?xml version="1.0" encoding="UTF-8"?>
<!-- Generated by org.testng.reporters.JUnitReportReporter -->
<testsuite skipped="0" hostname="DESKTOP-CEKKT7I" name="com.example.AppiumTest" tests="1" failures="0" timestamp="14 Feb 2019 17:38:22 GMT" time="22.682" errors="0">
  <testcase name="UserRegistrationTest" time="22.682" classname="com.example.AppiumTest"/>
</testsuite> <!-- com.example.AppiumTest -->
