<?xml version="1.0" encoding="UTF-8"?>
<!-- Generated by org.testng.reporters.JUnitReportReporter -->
<testsuite skipped="0" hostname="DESKTOP-CEKKT7I" name="com.example.FirstAppiumTest" tests="1" failures="0" timestamp="13 Feb 2019 22:14:09 GMT" time="0.954" errors="0">
  <testcase name="simpleTest" time="0.954" classname="com.example.FirstAppiumTest"/>
</testsuite> <!-- com.example.FirstAppiumTest -->
