<?xml version="1.0" encoding="UTF-8"?>
<!-- Generated by org.testng.reporters.JUnitReportReporter -->
<testsuite skipped="0" hostname="DESKTOP-CEKKT7I" name="com.example.FirstAppiumTest" tests="6" failures="0" timestamp="14 Feb 2019 15:00:56 GMT" time="45.908" errors="0">
  <testcase name="WebViewTest" time="11.224" classname="com.example.FirstAppiumTest"/>
  <testcase name="ENButtonTest" time="5.062" classname="com.example.FirstAppiumTest"/>
  <testcase name="TextFieldTest" time="2.194" classname="com.example.FirstAppiumTest"/>
  <testcase name="UserRegistrationTest" time="22.578" classname="com.example.FirstAppiumTest"/>
  <testcase name="ButtonTest" time="0.471" classname="com.example.FirstAppiumTest"/>
  <testcase name="DisplayTextViewTest" time="4.379" classname="com.example.FirstAppiumTest"/>
</testsuite> <!-- com.example.FirstAppiumTest -->
